build/intermediates/manifest_merge_blame_file/debug/manifest-merger-blame-debug-report.txt
1<?xml version="1.0" encoding="utf-8"?>
2<manifest xmlns:android="http://schemas.android.com/apk/res/android"
3    package="com.overthere.express"
4    android:versionCode="300"
5    android:versionName="3.00" >
6
7    <uses-sdk
8        android:minSdkVersion="16"
8-->Public\OverThere-Nov\AndroidManifest.xml
9        android:targetSdkVersion="28" />
9-->Public\OverThere-Nov\AndroidManifest.xml
10
11    <uses-feature
11-->Public\OverThere-Nov\AndroidManifest.xml:115:5-117:35
12        android:name="android.hardware.camera"
12-->Public\OverThere-Nov\AndroidManifest.xml:116:9-47
13        android:required="true" />
13-->Public\OverThere-Nov\AndroidManifest.xml:117:9-32
14
15    <uses-permission android:name="android.permission.INTERNET" />
15-->Public\OverThere-Nov\AndroidManifest.xml:118:5-67
15-->Public\OverThere-Nov\AndroidManifest.xml:118:22-64
16    <uses-permission android:name="android.permission.ACCESS_NETWORK_STATE" />
16-->Public\OverThere-Nov\AndroidManifest.xml:119:5-79
16-->Public\OverThere-Nov\AndroidManifest.xml:119:22-76
17    <uses-permission android:name="android.permission.WRITE_EXTERNAL_STORAGE" />
17-->Public\OverThere-Nov\AndroidManifest.xml:120:5-81
17-->Public\OverThere-Nov\AndroidManifest.xml:120:22-78
18    <uses-permission android:name="android.permission.ACCESS_COARSE_LOCATION" />
18-->Public\OverThere-Nov\AndroidManifest.xml:121:5-81
18-->Public\OverThere-Nov\AndroidManifest.xml:121:22-78
19    <uses-permission android:name="android.permission.ACCESS_FINE_LOCATION" /> <!-- uses-permission android:name="android.permission.CAMERA" / -->
19-->Public\OverThere-Nov\AndroidManifest.xml:122:5-79
19-->Public\OverThere-Nov\AndroidManifest.xml:122:22-76
20    <uses-permission android:name="android.permission.GET_ACCOUNTS" />
20-->Public\OverThere-Nov\AndroidManifest.xml:123:5-71
20-->Public\OverThere-Nov\AndroidManifest.xml:123:22-68
21    <uses-permission android:name="android.permission.USE_CREDENTIALS" />
21-->Public\OverThere-Nov\AndroidManifest.xml:124:5-74
21-->Public\OverThere-Nov\AndroidManifest.xml:124:22-71
22    <uses-permission android:name="android.permission.CALL_PHONE" />
22-->Public\OverThere-Nov\AndroidManifest.xml:125:5-69
22-->Public\OverThere-Nov\AndroidManifest.xml:125:22-66
23    <uses-permission android:name="android.permission.CALL_PRIVILEGED" />
23-->Public\OverThere-Nov\AndroidManifest.xml:126:5-74
23-->Public\OverThere-Nov\AndroidManifest.xml:126:22-71
24    <uses-permission android:name="android.permission.VIBRATE" />
24-->Public\OverThere-Nov\AndroidManifest.xml:127:5-66
24-->Public\OverThere-Nov\AndroidManifest.xml:127:22-63
25    <uses-permission android:name="android.permission.UPDATE_APP_OPS_STATS" />
25-->Public\OverThere-Nov\AndroidManifest.xml:129:5-79
25-->Public\OverThere-Nov\AndroidManifest.xml:129:22-76
26    <uses-permission android:name="android.Manifest.permission.UPDATE_APP_OPS_STATS" />
26-->Public\OverThere-Nov\AndroidManifest.xml:131:5-88
26-->Public\OverThere-Nov\AndroidManifest.xml:131:22-85
27    <uses-permission android:name="android.permission.STATUS_BAR_SERVICE" />
27-->Public\OverThere-Nov\AndroidManifest.xml:132:5-77
27-->Public\OverThere-Nov\AndroidManifest.xml:132:22-74
28    <uses-permission android:name="android.permission.READ_PHONE_STATE" />
28-->Public\OverThere-Nov\AndroidManifest.xml:133:5-75
28-->Public\OverThere-Nov\AndroidManifest.xml:133:22-72
29    <uses-permission android:name="android.permission.READ_EXTERNAL_STORAGE" />
29-->Public\OverThere-Nov\AndroidManifest.xml:135:5-80
29-->Public\OverThere-Nov\AndroidManifest.xml:135:22-77
30
31    <uses-feature
31-->[com.google.android.gms:play-services-maps:11.0.0] AndroidManifest.xml:21:5-77
32        android:glEsVersion="0x00020000"
32-->[com.google.android.gms:play-services-maps:11.0.0] AndroidManifest.xml:21:19-51
33        android:required="true" /> <!-- Permissions required for GCM -->
33-->[com.google.android.gms:play-services-maps:11.0.0] AndroidManifest.xml:21:52-75
34    <uses-permission android:name="com.google.android.c2dm.permission.RECEIVE" />
34-->[com.google.android.gms:play-services-gcm:11.0.0] AndroidManifest.xml:20:5-81
34-->[com.google.android.gms:play-services-gcm:11.0.0] AndroidManifest.xml:20:22-79
35    <uses-permission android:name="android.permission.WAKE_LOCK" />
35-->[com.google.firebase:firebase-analytics:11.0.0] AndroidManifest.xml:22:5-67
35-->[com.google.firebase:firebase-analytics:11.0.0] AndroidManifest.xml:22:22-65
36
37    <permission
37-->[com.google.firebase:firebase-iid:11.0.0] AndroidManifest.xml:24:5-109
38        android:name="com.overthere.express.permission.C2D_MESSAGE"
38-->[com.google.firebase:firebase-iid:11.0.0] AndroidManifest.xml:24:17-71
39        android:protectionLevel="signature" />
39-->[com.google.firebase:firebase-iid:11.0.0] AndroidManifest.xml:24:72-107
40
41    <uses-permission android:name="com.overthere.express.permission.C2D_MESSAGE" />
41-->[com.google.firebase:firebase-iid:11.0.0] AndroidManifest.xml:26:5-78
41-->[com.google.firebase:firebase-iid:11.0.0] AndroidManifest.xml:26:22-76
42
43    <application
43-->Public\OverThere-Nov\AndroidManifest.xml:7:5-114:19
44        android:allowBackup="true"
44-->Public\OverThere-Nov\AndroidManifest.xml:8:9-35
45        android:appComponentFactory="androidx.core.app.CoreComponentFactory"
45-->[androidx.core:core:1.0.1] AndroidManifest.xml:22:18-86
46        android:debuggable="true"
47        android:icon="@drawable/ic_launcher"
47-->Public\OverThere-Nov\AndroidManifest.xml:9:9-45
48        android:label="@string/app_name"
48-->Public\OverThere-Nov\AndroidManifest.xml:10:9-41
49        android:largeHeap="true"
49-->Public\OverThere-Nov\AndroidManifest.xml:11:9-33
50        android:networkSecurityConfig="@xml/network_security_config"
50-->Public\OverThere-Nov\AndroidManifest.xml:12:9-69
51        android:testOnly="true"
52        android:theme="@style/AppTheme"
52-->Public\OverThere-Nov\AndroidManifest.xml:13:9-40
53        android:usesCleartextTraffic="true" >
53-->Public\OverThere-Nov\AndroidManifest.xml:14:9-44
54        <activity
54-->Public\OverThere-Nov\AndroidManifest.xml:15:9-18:86
55            android:name="com.overthere.express.BankAccountActivity"
55-->Public\OverThere-Nov\AndroidManifest.xml:16:13-48
56            android:label="@string/title_activity_bank_account"
56-->Public\OverThere-Nov\AndroidManifest.xml:17:13-64
57            android:theme="@style/Theme.AppCompat.DayNight.DarkActionBar" />
57-->Public\OverThere-Nov\AndroidManifest.xml:18:13-74
58        <activity android:name="com.overthere.express.PostActivity" />
58-->Public\OverThere-Nov\AndroidManifest.xml:20:9-50
58-->Public\OverThere-Nov\AndroidManifest.xml:20:19-47
59        <activity
59-->Public\OverThere-Nov\AndroidManifest.xml:22:9-25:67
60            android:name="com.overthere.express.MapActivity"
60-->Public\OverThere-Nov\AndroidManifest.xml:23:13-40
61            android:label="@string/app_name"
61-->Public\OverThere-Nov\AndroidManifest.xml:24:13-45
62            android:windowSoftInputMode="adjustPan|stateHidden" />
62-->Public\OverThere-Nov\AndroidManifest.xml:25:13-64
63        <!--
64provider
65            android:name="android.support.v4.content.FileProvider"
66            android:authorities="@string/file_provider_authority"
67            android:exported="false"
68            android:grantUriPermissions="true">
69            <meta-data
70                android:name="android.support.FILE_PROVIDER_PATHS"
71                android:resource="@xml/file_provider_path" />
72        </provider
73        -->
74        <activity
74-->Public\OverThere-Nov\AndroidManifest.xml:37:9-39:67
75            android:name="com.overthere.express.RegisterActivity"
75-->Public\OverThere-Nov\AndroidManifest.xml:38:13-45
76            android:windowSoftInputMode="adjustPan|stateHidden" />
76-->Public\OverThere-Nov\AndroidManifest.xml:39:13-64
77        <activity
77-->Public\OverThere-Nov\AndroidManifest.xml:40:9-42:67
78            android:name="com.overthere.express.ProfileActivity"
78-->Public\OverThere-Nov\AndroidManifest.xml:41:13-44
79            android:windowSoftInputMode="adjustPan|stateHidden" />
79-->Public\OverThere-Nov\AndroidManifest.xml:42:13-64
80        <activity android:name="com.overthere.express.MenuDescActivity" />
80-->Public\OverThere-Nov\AndroidManifest.xml:44:9-54
80-->Public\OverThere-Nov\AndroidManifest.xml:44:19-51
81        <activity android:name="com.overthere.express.HistoryActivity" />
81-->Public\OverThere-Nov\AndroidManifest.xml:45:9-53
81-->Public\OverThere-Nov\AndroidManifest.xml:45:19-50
82        <activity android:name="com.overthere.express.HelpActivity" />
82-->Public\OverThere-Nov\AndroidManifest.xml:46:9-50
82-->Public\OverThere-Nov\AndroidManifest.xml:46:19-47
83        <activity android:name="com.overthere.express.SettingActivity" />
83-->Public\OverThere-Nov\AndroidManifest.xml:47:9-53
83-->Public\OverThere-Nov\AndroidManifest.xml:47:19-50
84        <activity
84-->Public\OverThere-Nov\AndroidManifest.xml:48:9-56:20
85            android:name="com.overthere.express.MainActivity"
85-->Public\OverThere-Nov\AndroidManifest.xml:49:13-41
86            android:theme="@android:style/Theme.Light.NoTitleBar" >
86-->Public\OverThere-Nov\AndroidManifest.xml:50:13-66
87            <intent-filter>
87-->Public\OverThere-Nov\AndroidManifest.xml:51:13-55:29
88                <action android:name="android.intent.action.MAIN" />
88-->Public\OverThere-Nov\AndroidManifest.xml:52:17-69
88-->Public\OverThere-Nov\AndroidManifest.xml:52:25-66
89
90                <category android:name="android.intent.category.LAUNCHER" />
90-->Public\OverThere-Nov\AndroidManifest.xml:54:17-77
90-->Public\OverThere-Nov\AndroidManifest.xml:54:27-74
91            </intent-filter>
92        </activity>
93        <activity android:name="com.soundcloud.android.crop.CropImageActivity" />
93-->Public\OverThere-Nov\AndroidManifest.xml:57:9-82
93-->Public\OverThere-Nov\AndroidManifest.xml:57:19-79
94        <activity
94-->Public\OverThere-Nov\AndroidManifest.xml:58:9-60:66
95            android:name="io.card.payment.CardIOActivity"
95-->Public\OverThere-Nov\AndroidManifest.xml:59:13-58
96            android:configChanges="keyboardHidden|orientation" />
96-->Public\OverThere-Nov\AndroidManifest.xml:60:13-63
97        <activity android:name="com.overthere.express.UberAddPaymentActivity" />
97-->Public\OverThere-Nov\AndroidManifest.xml:61:9-60
97-->Public\OverThere-Nov\AndroidManifest.xml:61:19-57
98        <activity
98-->Public\OverThere-Nov\AndroidManifest.xml:62:9-64:57
99            android:name="com.overthere.express.UberViewPaymentActivity"
99-->Public\OverThere-Nov\AndroidManifest.xml:63:13-52
100            android:windowSoftInputMode="stateHidden" />
100-->Public\OverThere-Nov\AndroidManifest.xml:64:13-54
101        <activity android:name="com.overthere.express.BookingActivity" />
101-->Public\OverThere-Nov\AndroidManifest.xml:65:9-53
101-->Public\OverThere-Nov\AndroidManifest.xml:65:19-50
102        <activity android:name="com.overthere.express.MarketingActivity" />
102-->Public\OverThere-Nov\AndroidManifest.xml:66:9-55
102-->Public\OverThere-Nov\AndroidManifest.xml:66:19-52
103        <activity android:name="com.overthere.express.MyCustomersActivity" />
103-->Public\OverThere-Nov\AndroidManifest.xml:67:9-57
103-->Public\OverThere-Nov\AndroidManifest.xml:67:19-54
104        <!--
105            meta-data
106            android:name="com.google.android.maps.v2.API_KEY"
107            android:value="@string/map_api_key" /
108        -->
109        <activity
109-->Public\OverThere-Nov\AndroidManifest.xml:73:9-75:59
110            android:name="com.overthere.express.MapsActivity"
110-->Public\OverThere-Nov\AndroidManifest.xml:74:13-41
111            android:label="@string/title_activity_maps" /> <!-- facebook -->
111-->Public\OverThere-Nov\AndroidManifest.xml:75:13-56
112        <!-- GCM -->
113        <!-- service android:name=".GCMIntentService" / -->
114        <activity
114-->Public\OverThere-Nov\AndroidManifest.xml:78:9-80:60
115            android:name="com.overthere.express.MapsActivity2"
115-->Public\OverThere-Nov\AndroidManifest.xml:79:13-42
116            android:label="@string/title_activity_maps2" />
116-->Public\OverThere-Nov\AndroidManifest.xml:80:13-57
117        <!--
118             The API key for Google Maps-based APIs is defined as a string resource.
119             (See the file "res/values/google_maps_api.xml").
120             Note that the API key is linked to the encryption key used to sign the APK.
121             You need a different API key for each encryption key, including the release key that is used to
122             sign the APK for publishing.
123             You can define the keys for the debug and release targets in src/debug/ and src/release/.
124        -->
125        <meta-data
125-->Public\OverThere-Nov\AndroidManifest.xml:89:9-91:69
126            android:name="com.google.android.gms.version"
126-->Public\OverThere-Nov\AndroidManifest.xml:90:13-58
127            android:value="@integer/google_play_services_version" />
127-->Public\OverThere-Nov\AndroidManifest.xml:91:13-66
128        <!--
129            activity
130            android:name=".GoogleMapsActivity"
131            android:label="@string/title_activity_google_maps" /
132        -->
133        <meta-data
133-->Public\OverThere-Nov\AndroidManifest.xml:97:9-99:55
134            android:name="com.google.android.geo.API_KEY"
134-->Public\OverThere-Nov\AndroidManifest.xml:98:13-58
135            android:value="@string/google_maps_key" />
135-->Public\OverThere-Nov\AndroidManifest.xml:99:13-52
136
137        <service android:name="com.overthere.express.MyInstanceIDListenerService" >
137-->Public\OverThere-Nov\AndroidManifest.xml:100:9-104:19
137-->Public\OverThere-Nov\AndroidManifest.xml:100:18-61
138            <intent-filter>
138-->Public\OverThere-Nov\AndroidManifest.xml:101:13-103:29
139                <action android:name="com.google.firebase.INSTANCE_ID_EVENT" />
139-->Public\OverThere-Nov\AndroidManifest.xml:102:17-80
139-->Public\OverThere-Nov\AndroidManifest.xml:102:25-77
140            </intent-filter>
141        </service>
142        <service android:name="com.overthere.express.MyFcmListenerService" >
142-->Public\OverThere-Nov\AndroidManifest.xml:105:9-109:19
142-->Public\OverThere-Nov\AndroidManifest.xml:105:18-54
143            <intent-filter>
143-->Public\OverThere-Nov\AndroidManifest.xml:106:13-108:29
144                <action android:name="com.google.firebase.MESSAGING_EVENT" />
144-->Public\OverThere-Nov\AndroidManifest.xml:107:17-78
144-->Public\OverThere-Nov\AndroidManifest.xml:107:25-75
145            </intent-filter>
146        </service>
147        <service android:name="com.overthere.express.locationupdate.LocationUpdateService" />
147-->Public\OverThere-Nov\AndroidManifest.xml:110:9-73
147-->Public\OverThere-Nov\AndroidManifest.xml:110:18-70
148
149        <uses-library
149-->Public\OverThere-Nov\AndroidManifest.xml:111:9-113:40
150            android:name="org.apache.http.legacy"
150-->Public\OverThere-Nov\AndroidManifest.xml:112:13-50
151            android:required="false" />
151-->Public\OverThere-Nov\AndroidManifest.xml:113:13-37
152        <!--
153         FirebaseMessagingService performs security checks at runtime,
154             no need for explicit permissions despite exported="true"
155        -->
156        <service
156-->[com.google.firebase:firebase-messaging:11.0.0] AndroidManifest.xml:23:9-27:19
157            android:name="com.google.firebase.messaging.FirebaseMessagingService"
157-->[com.google.firebase:firebase-messaging:11.0.0] AndroidManifest.xml:23:18-87
158            android:exported="true" >
158-->[com.google.firebase:firebase-messaging:11.0.0] AndroidManifest.xml:23:88-111
159            <intent-filter android:priority="-500" >
159-->Public\OverThere-Nov\AndroidManifest.xml:106:13-108:29
160                <action android:name="com.google.firebase.MESSAGING_EVENT" />
160-->Public\OverThere-Nov\AndroidManifest.xml:107:17-78
160-->Public\OverThere-Nov\AndroidManifest.xml:107:25-75
161            </intent-filter>
162        </service>
163
164        <receiver
164-->[com.google.firebase:firebase-analytics:11.0.0] AndroidManifest.xml:25:7-26:18
165            android:name="com.google.android.gms.measurement.AppMeasurementReceiver"
165-->[com.google.firebase:firebase-analytics:11.0.0] AndroidManifest.xml:25:17-89
166            android:enabled="true"
166-->[com.google.firebase:firebase-analytics:11.0.0] AndroidManifest.xml:25:90-112
167            android:exported="false" >
167-->[com.google.firebase:firebase-analytics:11.0.0] AndroidManifest.xml:25:113-137
168        </receiver>
169        <receiver
169-->[com.google.firebase:firebase-analytics:11.0.0] AndroidManifest.xml:27:7-31:18
170            android:name="com.google.android.gms.measurement.AppMeasurementInstallReferrerReceiver"
170-->[com.google.firebase:firebase-analytics:11.0.0] AndroidManifest.xml:27:17-104
171            android:enabled="true"
171-->[com.google.firebase:firebase-analytics:11.0.0] AndroidManifest.xml:27:162-184
172            android:exported="true"
172-->[com.google.firebase:firebase-analytics:11.0.0] AndroidManifest.xml:27:185-208
173            android:permission="android.permission.INSTALL_PACKAGES" >
173-->[com.google.firebase:firebase-analytics:11.0.0] AndroidManifest.xml:27:105-161
174            <intent-filter>
174-->[com.google.firebase:firebase-analytics:11.0.0] AndroidManifest.xml:28:11-30:27
175                <action android:name="com.android.vending.INSTALL_REFERRER" />
175-->[com.google.firebase:firebase-analytics:11.0.0] AndroidManifest.xml:29:15-76
175-->[com.google.firebase:firebase-analytics:11.0.0] AndroidManifest.xml:29:23-74
176            </intent-filter>
177        </receiver>
178
179        <service
179-->[com.google.firebase:firebase-analytics:11.0.0] AndroidManifest.xml:32:7-137
180            android:name="com.google.android.gms.measurement.AppMeasurementService"
180-->[com.google.firebase:firebase-analytics:11.0.0] AndroidManifest.xml:32:16-87
181            android:enabled="true"
181-->[com.google.firebase:firebase-analytics:11.0.0] AndroidManifest.xml:32:88-110
182            android:exported="false" />
182-->[com.google.firebase:firebase-analytics:11.0.0] AndroidManifest.xml:32:111-135
183        <service
183-->[com.google.firebase:firebase-analytics:11.0.0] AndroidManifest.xml:33:7-197
184            android:name="com.google.android.gms.measurement.AppMeasurementJobService"
184-->[com.google.firebase:firebase-analytics:11.0.0] AndroidManifest.xml:33:16-90
185            android:enabled="true"
185-->[com.google.firebase:firebase-analytics:11.0.0] AndroidManifest.xml:33:148-170
186            android:exported="false"
186-->[com.google.firebase:firebase-analytics:11.0.0] AndroidManifest.xml:33:171-195
187            android:permission="android.permission.BIND_JOB_SERVICE" />
187-->[com.google.firebase:firebase-analytics:11.0.0] AndroidManifest.xml:33:91-147
188
189        <activity
189-->[com.google.android.gms:play-services-base:11.0.0] AndroidManifest.xml:19:9-172
190            android:name="com.google.android.gms.common.api.GoogleApiActivity"
190-->[com.google.android.gms:play-services-base:11.0.0] AndroidManifest.xml:19:19-85
191            android:exported="false"
191-->[com.google.android.gms:play-services-base:11.0.0] AndroidManifest.xml:19:146-170
192            android:theme="@android:style/Theme.Translucent.NoTitleBar" />
192-->[com.google.android.gms:play-services-base:11.0.0] AndroidManifest.xml:19:86-145
193
194        <receiver
194-->[com.google.firebase:firebase-iid:11.0.0] AndroidManifest.xml:30:9-35:20
195            android:name="com.google.firebase.iid.FirebaseInstanceIdReceiver"
195-->[com.google.firebase:firebase-iid:11.0.0] AndroidManifest.xml:30:19-84
196            android:exported="true"
196-->[com.google.firebase:firebase-iid:11.0.0] AndroidManifest.xml:30:85-108
197            android:permission="com.google.android.c2dm.permission.SEND" >
197-->[com.google.firebase:firebase-iid:11.0.0] AndroidManifest.xml:30:109-169
198            <intent-filter>
198-->[com.google.firebase:firebase-iid:11.0.0] AndroidManifest.xml:31:13-34:29
199                <action android:name="com.google.android.c2dm.intent.RECEIVE" />
199-->[com.google.firebase:firebase-iid:11.0.0] AndroidManifest.xml:32:17-80
199-->[com.google.firebase:firebase-iid:11.0.0] AndroidManifest.xml:32:25-78
200
201                <category android:name="com.overthere.express" />
201-->[com.google.firebase:firebase-iid:11.0.0] AndroidManifest.xml:33:17-60
201-->[com.google.firebase:firebase-iid:11.0.0] AndroidManifest.xml:33:27-58
202            </intent-filter>
203        </receiver>
204        <!--
205 Internal (not exported) receiver used by the app to start its own exported services
206             without risk of being spoofed.
207        -->
208        <receiver
208-->[com.google.firebase:firebase-iid:11.0.0] AndroidManifest.xml:39:9-119
209            android:name="com.google.firebase.iid.FirebaseInstanceIdInternalReceiver"
209-->[com.google.firebase:firebase-iid:11.0.0] AndroidManifest.xml:39:19-92
210            android:exported="false" />
210-->[com.google.firebase:firebase-iid:11.0.0] AndroidManifest.xml:39:93-117
211        <!--
212 FirebaseInstanceIdService performs security checks at runtime,
213             no need for explicit permissions despite exported="true"
214        -->
215        <service
215-->[com.google.firebase:firebase-iid:11.0.0] AndroidManifest.xml:43:9-47:19
216            android:name="com.google.firebase.iid.FirebaseInstanceIdService"
216-->[com.google.firebase:firebase-iid:11.0.0] AndroidManifest.xml:43:18-82
217            android:exported="true" >
217-->[com.google.firebase:firebase-iid:11.0.0] AndroidManifest.xml:43:83-106
218            <intent-filter android:priority="-500" >
218-->Public\OverThere-Nov\AndroidManifest.xml:101:13-103:29
219                <action android:name="com.google.firebase.INSTANCE_ID_EVENT" />
219-->Public\OverThere-Nov\AndroidManifest.xml:102:17-80
219-->Public\OverThere-Nov\AndroidManifest.xml:102:25-77
220            </intent-filter>
221        </service>
222
223        <provider
223-->[com.google.firebase:firebase-common:11.0.0] AndroidManifest.xml:6:9-194
224            android:name="com.google.firebase.provider.FirebaseInitProvider"
224-->[com.google.firebase:firebase-common:11.0.0] AndroidManifest.xml:6:79-143
225            android:authorities="com.overthere.express.firebaseinitprovider"
225-->[com.google.firebase:firebase-common:11.0.0] AndroidManifest.xml:6:19-78
226            android:exported="false"
226-->[com.google.firebase:firebase-common:11.0.0] AndroidManifest.xml:6:144-168
227            android:initOrder="100" />
227-->[com.google.firebase:firebase-common:11.0.0] AndroidManifest.xml:6:169-192
228    </application>
229
230</manifest>